Info: Nothing to build for VectorPlayground
11:10:51 **** Incremental Build of configuration Debug for project String_Integrations ****
make all 
Building file: ../src/my_string.c
Invoking: GCC C Compiler
gcc -O0 -g3 -Wall -c -fmessage-length=0 -MMD -MP -MF"src/my_string.d" -MT"src/my_string.o" -o "src/my_string.o" "../src/my_string.c"
Finished building: ../src/my_string.c
 
Building target: String_Integrations
Invoking: GCC C Linker
gcc  -o "String_Integrations"  ./src/main.o ./src/my_string.o   
Finished building target: String_Integrations
 
12:09:23 **** Incremental Build of configuration Debug for project VectorPlayground ****
Info: Configuration "Debug" uses tool-chain "MinGW GCC" that is unsupported on this system, attempting to build anyway.
Info: Internal Builder is used for build
gcc -O0 -g3 -Wall -c -fmessage-length=0 -o main.o ../main.c 
gcc -o VectorPlayground main.o vector3.o -lm 
Info: Nothing to build for VectorPlayground
12:09:32 **** Incremental Build of configuration Debug for project VectorPlayground ****
Info: Configuration "Debug" uses tool-chain "MinGW GCC" that is unsupported on this system, attempting to build anyway.
Info: Internal Builder is used for build
gcc -O0 -g3 -Wall -c -fmessage-length=0 -o main.o ../main.c 
gcc -o VectorPlayground main.o vector3.o -lm 
13:53:28 **** Incremental Build of configuration Debug for project DaMat ****
make all 
Building file: ../src/DaMat.cpp
Invoking: GCC C++ Compiler
g++ -O0 -g3 -Wall -c -fmessage-length=0 -std=c++11 -MMD -MP -MF"src/DaMat.d" -MT"src/DaMat.o" -o "src/DaMat.o" "../src/DaMat.cpp"
Finished building: ../src/DaMat.cpp
 
Building file: ../src/Matrix.cpp
Invoking: GCC C++ Compiler
g++ -O0 -g3 -Wall -c -fmessage-length=0 -std=c++11 -MMD -MP -MF"src/Matrix.d" -MT"src/Matrix.o" -o "src/Matrix.o" "../src/Matrix.cpp"
In file included from ../src/Matrix.cpp:8:0:
../src/Matrix.h:10:18: error: expected unqualified-id before ‘{’ token
 template<class T>{
                  ^
../src/Matrix.cpp:10:1: error: ‘Matrix’ does not name a type
 Matrix::Matrix() {
 ^
../src/Matrix.cpp:15:1: error: ‘Matrix’ does not name a type
 Matrix::~Matrix() {
 ^
make: *** [src/Matrix.o] Error 1
13:54:01 **** Incremental Build of configuration Debug for project DaMat ****
make all 
Building file: ../src/Matrix.cpp
Invoking: GCC C++ Compiler
g++ -O0 -g3 -Wall -c -fmessage-length=0 -std=c++11 -MMD -MP -MF"src/Matrix.d" -MT"src/Matrix.o" -o "src/Matrix.o" "../src/Matrix.cpp"
Finished building: ../src/Matrix.cpp
 
Building file: ../src/Vector3.cpp
Invoking: GCC C++ Compiler
g++ -O0 -g3 -Wall -c -fmessage-length=0 -std=c++11 -MMD -MP -MF"src/Vector3.d" -MT"src/Vector3.o" -o "src/Vector3.o" "../src/Vector3.cpp"
../src/Vector3.cpp:18:12: error: ISO C++ forbids declaration of ‘i’ with no type [-fpermissive]
 Vector3::i(){
            ^
../src/Vector3.cpp:18:12: error: no ‘int Vector3::i()’ member function declared in class ‘Vector3’
../src/Vector3.cpp:22:12: error: ISO C++ forbids declaration of ‘j’ with no type [-fpermissive]
 Vector3::j(){
            ^
../src/Vector3.cpp:22:12: error: no ‘int Vector3::j()’ member function declared in class ‘Vector3’
../src/Vector3.cpp:26:12: error: ISO C++ forbids declaration of ‘k’ with no type [-fpermissive]
 Vector3::k(){
            ^
../src/Vector3.cpp:26:12: error: no ‘int Vector3::k()’ member function declared in class ‘Vector3’
make: *** [src/Vector3.o] Error 1
13:55:40 **** Incremental Build of configuration Debug for project DaMat ****
make all 
Building file: ../src/Vector3.cpp
Invoking: GCC C++ Compiler
g++ -O0 -g3 -Wall -c -fmessage-length=0 -std=c++11 -MMD -MP -MF"src/Vector3.d" -MT"src/Vector3.o" -o "src/Vector3.o" "../src/Vector3.cpp"
../src/Vector3.cpp:19:1: error: ‘i’ in ‘class Vector3’ does not name a type
 Vector3::i{
 ^
../src/Vector3.cpp:23:12: error: ISO C++ forbids declaration of ‘j’ with no type [-fpermissive]
 Vector3::j(){
            ^
../src/Vector3.cpp:23:12: error: no ‘int Vector3::j()’ member function declared in class ‘Vector3’
../src/Vector3.cpp:27:12: error: ISO C++ forbids declaration of ‘k’ with no type [-fpermissive]
 Vector3::k(){
            ^
../src/Vector3.cpp:27:12: error: no ‘int Vector3::k()’ member function declared in class ‘Vector3’
make: *** [src/Vector3.o] Error 1
13:55:43 **** Incremental Build of configuration Debug for project DaMat ****
make all 
Building file: ../src/Vector3.cpp
Invoking: GCC C++ Compiler
g++ -O0 -g3 -Wall -c -fmessage-length=0 -std=c++11 -MMD -MP -MF"src/Vector3.d" -MT"src/Vector3.o" -o "src/Vector3.o" "../src/Vector3.cpp"
../src/Vector3.cpp:19:1: error: ‘i’ in ‘class Vector3’ does not name a type
 Vector3::i{
 ^
../src/Vector3.cpp:23:12: error: ISO C++ forbids declaration of ‘j’ with no type [-fpermissive]
 Vector3::j(){
            ^
../src/Vector3.cpp:23:12: error: no ‘int Vector3::j()’ member function declared in class ‘Vector3’
../src/Vector3.cpp:27:12: error: ISO C++ forbids declaration of ‘k’ with no type [-fpermissive]
 Vector3::k(){
            ^
../src/Vector3.cpp:27:12: error: no ‘int Vector3::k()’ member function declared in class ‘Vector3’
make: *** [src/Vector3.o] Error 1
13:58:38 **** Incremental Build of configuration Debug for project DaMat ****
make all 
Building file: ../src/Vector3.cpp
Invoking: GCC C++ Compiler
g++ -O0 -g3 -Wall -c -fmessage-length=0 -std=c++11 -MMD -MP -MF"src/Vector3.d" -MT"src/Vector3.o" -o "src/Vector3.o" "../src/Vector3.cpp"
../src/Vector3.cpp:19:1: error: ‘i’ in ‘class Vector3’ does not name a type
 Vector3::i{
 ^
../src/Vector3.cpp:23:12: error: ISO C++ forbids declaration of ‘j’ with no type [-fpermissive]
 Vector3::j(){
            ^
../src/Vector3.cpp:23:1: error: prototype for ‘int Vector3::j()’ does not match any in class ‘Vector3’
 Vector3::j(){
 ^
In file included from ../src/Vector3.cpp:8:0:
../src/Vector3.h:14:22: error: candidate is: static Vector3 Vector3::j()
  static Vector3 i(), j(), k();
                      ^
../src/Vector3.cpp:27:12: error: ISO C++ forbids declaration of ‘k’ with no type [-fpermissive]
 Vector3::k(){
            ^
../src/Vector3.cpp:27:1: error: prototype for ‘int Vector3::k()’ does not match any in class ‘Vector3’
 Vector3::k(){
 ^
In file included from ../src/Vector3.cpp:8:0:
../src/Vector3.h:14:27: error: candidate is: static Vector3 Vector3::k()
  static Vector3 i(), j(), k();
                           ^
make: *** [src/Vector3.o] Error 1
13:58:57 **** Incremental Build of configuration Debug for project DaMat ****
make all 
Building file: ../src/Vector3.cpp
Invoking: GCC C++ Compiler
g++ -O0 -g3 -Wall -c -fmessage-length=0 -std=c++11 -MMD -MP -MF"src/Vector3.d" -MT"src/Vector3.o" -o "src/Vector3.o" "../src/Vector3.cpp"
../src/Vector3.cpp:19:1: error: ‘i’ in ‘class Vector3’ does not name a type
 Vector3::i{
 ^
../src/Vector3.cpp:23:12: error: ISO C++ forbids declaration of ‘j’ with no type [-fpermissive]
 Vector3::j(){
            ^
../src/Vector3.cpp:23:1: error: prototype for ‘int Vector3::j()’ does not match any in class ‘Vector3’
 Vector3::j(){
 ^
In file included from ../src/Vector3.cpp:8:0:
../src/Vector3.h:15:17: error: candidate is: static Vector3 Vector3::j()
  static Vector3 j();
                 ^
../src/Vector3.cpp:27:12: error: ISO C++ forbids declaration of ‘k’ with no type [-fpermissive]
 Vector3::k(){
            ^
../src/Vector3.cpp:27:1: error: prototype for ‘int Vector3::k()’ does not match any in class ‘Vector3’
 Vector3::k(){
 ^
In file included from ../src/Vector3.cpp:8:0:
../src/Vector3.h:16:17: error: candidate is: static Vector3 Vector3::k()
  static Vector3 k();
                 ^
make: *** [src/Vector3.o] Error 1
18:28:49 **** Incremental Build of configuration Debug for project DaMat ****
make all 
Building file: ../src/Vector3.cpp
Invoking: GCC C++ Compiler
g++ -O0 -g3 -Wall -c -fmessage-length=0 -std=c++11 -MMD -MP -MF"src/Vector3.d" -MT"src/Vector3.o" -o "src/Vector3.o" "../src/Vector3.cpp"
../src/Vector3.cpp: In static member function ‘static Vector3 Vector3::i()’:
../src/Vector3.cpp:20:26: error: could not convert ‘(operator new(32ul), (<statement>, ((Vector3*)<anonymous>)))’ from ‘Vector3*’ to ‘Vector3’
  return new Vector3(1,0,0);
                          ^
../src/Vector3.cpp:21:1: warning: control reaches end of non-void function [-Wreturn-type]
 }
 ^
make: *** [src/Vector3.o] Error 1
18:29:04 **** Incremental Build of configuration Debug for project DaMat ****
make all 
Building file: ../src/Vector3.cpp
Invoking: GCC C++ Compiler
g++ -O0 -g3 -Wall -c -fmessage-length=0 -std=c++11 -MMD -MP -MF"src/Vector3.d" -MT"src/Vector3.o" -o "src/Vector3.o" "../src/Vector3.cpp"
Finished building: ../src/Vector3.cpp
 
Building target: DaMat
Invoking: GCC C++ Linker
g++  -o "DaMat"  ./src/DaMat.o ./src/Matrix.o ./src/Vector3.o   
Finished building target: DaMat
 
10:25:35 **** Incremental Build of configuration Debug for project String_Integrations ****
make all 
Building file: ../src/main.c
Invoking: GCC C Compiler
gcc -O0 -g3 -Wall -c -fmessage-length=0 -MMD -MP -MF"src/main.d" -MT"src/main.o" -o "src/main.o" "../src/main.c"
../src/main.c: In function ‘main’:
../src/main.c:53:2: warning: format ‘%i’ expects argument of type ‘int’, but argument 2 has type ‘long unsigned int’ [-Wformat=]
  printf("%i\n", sizeof(string_type));
  ^
Finished building: ../src/main.c
 
Building file: ../src/my_string.c
Invoking: GCC C Compiler
gcc -O0 -g3 -Wall -c -fmessage-length=0 -MMD -MP -MF"src/my_string.d" -MT"src/my_string.o" -o "src/my_string.o" "../src/my_string.c"
Finished building: ../src/my_string.c
 
Building target: String_Integrations
Invoking: GCC C Linker
gcc  -o "String_Integrations"  ./src/main.o ./src/my_string.o   
Finished building target: String_Integrations
 
10:25:37 **** Rebuild of configuration Debug for project StructureSample ****
Info: Configuration "Debug" uses tool-chain "MinGW GCC" that is unsupported on this system, attempting to build anyway.
Info: Internal Builder is used for build
gcc -O0 -g3 -Wall -c -fmessage-length=0 -o src/program.o ../src/program.c 
gcc -o StructureSample src/program.o 
10:26:13 **** Incremental Build of configuration Debug for project String_Integrations ****
make all 
Building file: ../src/main.c
Invoking: GCC C Compiler
gcc -O0 -g3 -Wall -c -fmessage-length=0 -MMD -MP -MF"src/main.d" -MT"src/main.o" -o "src/main.o" "../src/main.c"
../src/main.c: In function ‘main’:
../src/main.c:53:2: warning: format ‘%u’ expects argument of type ‘unsigned int’, but argument 2 has type ‘long unsigned int’ [-Wformat=]
  printf("%ul\n", sizeof(string_type));
  ^
Finished building: ../src/main.c
 
Building target: String_Integrations
Invoking: GCC C Linker
gcc  -o "String_Integrations"  ./src/main.o ./src/my_string.o   
Finished building target: String_Integrations
 
Info: Nothing to build for StructureSample
10:26:29 **** Incremental Build of configuration Debug for project String_Integrations ****
make all 
Building file: ../src/main.c
Invoking: GCC C Compiler
gcc -O0 -g3 -Wall -c -fmessage-length=0 -MMD -MP -MF"src/main.d" -MT"src/main.o" -o "src/main.o" "../src/main.c"
Finished building: ../src/main.c
 
Building target: String_Integrations
Invoking: GCC C Linker
gcc  -o "String_Integrations"  ./src/main.o ./src/my_string.o   
Finished building target: String_Integrations
 
Info: Nothing to build for StructureSample
Info: Nothing to build for StructureSample
10:27:01 **** Incremental Build of configuration Debug for project String_Integrations ****
make all 
Building file: ../src/main.c
Invoking: GCC C Compiler
gcc -O0 -g3 -Wall -c -fmessage-length=0 -MMD -MP -MF"src/main.d" -MT"src/main.o" -o "src/main.o" "../src/main.c"
Finished building: ../src/main.c
 
Building file: ../src/my_string.c
Invoking: GCC C Compiler
gcc -O0 -g3 -Wall -c -fmessage-length=0 -MMD -MP -MF"src/my_string.d" -MT"src/my_string.o" -o "src/my_string.o" "../src/my_string.c"
Finished building: ../src/my_string.c
 
Building target: String_Integrations
Invoking: GCC C Linker
gcc  -o "String_Integrations"  ./src/main.o ./src/my_string.o   
Finished building target: String_Integrations
 
Info: Nothing to build for StructureSample
10:27:18 **** Incremental Build of configuration Debug for project String_Integrations ****
make all 
make: Nothing to be done for `all'.
10:27:22 **** Incremental Build of configuration Debug for project String_Integrations ****
make all 
make: Nothing to be done for `all'.
11:00:13 **** Incremental Build of configuration Debug for project String_Integrations ****
make all 
Building file: ../src/main.c
Invoking: GCC C Compiler
gcc -O0 -g3 -Wall -c -fmessage-length=0 -MMD -MP -MF"src/main.d" -MT"src/main.o" -o "src/main.o" "../src/main.c"
In file included from ../src/main.c:7:0:
../src/my_string.h: In function ‘Copy’:
../src/my_string.h:26:2: warning: implicit declaration of function ‘copyString’ [-Wimplicit-function-declaration]
  copyString(dest.element, src.element, min(src.length, dest.capacity));
  ^
../src/my_string.h:26:2: warning: implicit declaration of function ‘min’ [-Wimplicit-function-declaration]
../src/my_string.h: At top level:
../src/my_string.h:34:6: warning: conflicting types for ‘copyString’ [enabled by default]
 void copyString(char* dest, char* src, int length);
      ^
../src/my_string.h:26:2: note: previous implicit declaration of ‘copyString’ was here
  copyString(dest.element, src.element, min(src.length, dest.capacity));
  ^
Finished building: ../src/main.c
 
Building file: ../src/my_string.c
Invoking: GCC C Compiler
gcc -O0 -g3 -Wall -c -fmessage-length=0 -MMD -MP -MF"src/my_string.d" -MT"src/my_string.o" -o "src/my_string.o" "../src/my_string.c"
In file included from ../src/my_string.c:7:0:
../src/my_string.h: In function ‘Copy’:
../src/my_string.h:26:2: warning: implicit declaration of function ‘copyString’ [-Wimplicit-function-declaration]
  copyString(dest.element, src.element, min(src.length, dest.capacity));
  ^
../src/my_string.h:26:2: warning: implicit declaration of function ‘min’ [-Wimplicit-function-declaration]
../src/my_string.h: At top level:
../src/my_string.h:34:6: warning: conflicting types for ‘copyString’ [enabled by default]
 void copyString(char* dest, char* src, int length);
      ^
../src/my_string.h:26:2: note: previous implicit declaration of ‘copyString’ was here
  copyString(dest.element, src.element, min(src.length, dest.capacity));
  ^
../src/my_string.c:48:6: error: redefinition of ‘Copy’
 void Copy(string_type src, string_type dest)
      ^
In file included from ../src/my_string.c:7:0:
../src/my_string.h:23:6: note: previous definition of ‘Copy’ was here
 void Copy(string_type src, string_type dest)
      ^
make: *** [src/my_string.o] Error 1
11:03:06 **** Incremental Build of configuration Debug for project String_Integrations ****
make all 
Building file: ../src/main.c
Invoking: GCC C Compiler
gcc -O0 -g3 -Wall -c -fmessage-length=0 -MMD -MP -MF"src/main.d" -MT"src/main.o" -o "src/main.o" "../src/main.c"
Finished building: ../src/main.c
 
Building file: ../src/my_string.c
Invoking: GCC C Compiler
gcc -O0 -g3 -Wall -c -fmessage-length=0 -MMD -MP -MF"src/my_string.d" -MT"src/my_string.o" -o "src/my_string.o" "../src/my_string.c"
Finished building: ../src/my_string.c
 
Building target: String_Integrations
Invoking: GCC C Linker
gcc  -o "String_Integrations"  ./src/main.o ./src/my_string.o   
Finished building target: String_Integrations
 
11:03:12 **** Incremental Build of configuration Debug for project String_Integrations ****
make all 
make: Nothing to be done for `all'.
11:06:59 **** Incremental Build of configuration Debug for project String_Integrations ****
make all 
Building file: ../src/main.c
Invoking: GCC C Compiler
gcc -O0 -g3 -Wall -c -fmessage-length=0 -MMD -MP -MF"src/main.d" -MT"src/main.o" -o "src/main.o" "../src/main.c"
Finished building: ../src/main.c
 
Building file: ../src/my_string.c
Invoking: GCC C Compiler
gcc -O0 -g3 -Wall -c -fmessage-length=0 -MMD -MP -MF"src/my_string.d" -MT"src/my_string.o" -o "src/my_string.o" "../src/my_string.c"
Finished building: ../src/my_string.c
 
Building target: String_Integrations
Invoking: GCC C Linker
gcc  -o "String_Integrations"  ./src/main.o ./src/my_string.o   
Finished building target: String_Integrations
 
